<?xml version="1.0" encoding="UTF-8"?>
<!-- Generated by org.testng.reporters.JUnitReportReporter -->
<testsuite hostname="MSI" failures="0" tests="1" name="cucumberOptions.TestNGTestRunner" time="8.890" errors="0" timestamp="2022-06-03T15:59:49 EDT" skipped="0">
  <testcase classname="cucumberOptions.TestNGTestRunner" name="runScenario" time="8.890"/>
  <system-out/>
</testsuite> <!-- cucumberOptions.TestNGTestRunner -->
